<?xml version="1.0" encoding="UTF-8" ?>
<testsuite errors="0" failures="0" hostname="jjballano.local" name="cuaderno19.CreateIssuerHeaderTest" tests="17" time="0.157" timestamp="2012-03-01T14:50:47">
  <properties />
  <testcase classname="cuaderno19.CreateIssuerHeaderTest" name="should_start_with_with_5380" time="0.058" />
  <testcase classname="cuaderno19.CreateIssuerHeaderTest" name="should_has_a_nif_between_5th_and_13th_position" time="0.0010" />
  <testcase classname="cuaderno19.CreateIssuerHeaderTest" name="nif_should_not_be_empty" time="0.01" />
  <testcase classname="cuaderno19.CreateIssuerHeaderTest" name="should_throw_an_exception_if_nif_has_more_than_9_chars" time="0.0" />
  <testcase classname="cuaderno19.CreateIssuerHeaderTest" name="should_has_a_nif_with_9_chars_filling_with_0_left_positions_until_9" time="0.0020" />
  <testcase classname="cuaderno19.CreateIssuerHeaderTest" name="should_has_a_sufix_between_14th_and_16th_position" time="0.0010" />
  <testcase classname="cuaderno19.CreateIssuerHeaderTest" name="should_has_a_date_when_file_was_built_between_17th_and_22nd_position" time="0.0010" />
  <testcase classname="cuaderno19.CreateIssuerHeaderTest" name="should_has_a_charge_date_between_23rd_and_28th_position" time="0.0030" />
  <testcase classname="cuaderno19.CreateIssuerHeaderTest" name="should_has_issuer_name_between_29th_and_68th_position" time="0.0040" />
  <testcase classname="cuaderno19.CreateIssuerHeaderTest" name="should_cut_the_issuer_name_with_more_than_40_chars" time="0.0010" />
  <testcase classname="cuaderno19.CreateIssuerHeaderTest" name="should_has_a_account_number_between_69th_and_88th_position" time="0.0010" />
  <testcase classname="cuaderno19.CreateIssuerHeaderTest" name="should_throw_an_expcetion_if_account_number_has_less_than_20_chars" time="0.0010" />
  <testcase classname="cuaderno19.CreateIssuerHeaderTest" name="should_throw_an_expcetion_if_account_number_has_more_than_20_chars" time="0.0010" />
  <testcase classname="cuaderno19.CreateIssuerHeaderTest" name="should_has_empty_between_89th_and_96th_position" time="0.0020" />
  <testcase classname="cuaderno19.CreateIssuerHeaderTest" name="should_has_a_procedure_97th_and_98th_position_with_value_01" time="0.0020" />
  <testcase classname="cuaderno19.CreateIssuerHeaderTest" name="should_has_empty_between_99th_and_162nd_position" time="0.0030" />
  <testcase classname="cuaderno19.CreateIssuerHeaderTest" name="should_be_162_characters_length" time="0.0020" />
  <system-out><![CDATA[--Output from should_start_with_with_5380--
--Output from should_has_a_nif_between_5th_and_13th_position--
--Output from nif_should_not_be_empty--
--Output from should_throw_an_exception_if_nif_has_more_than_9_chars--
--Output from should_has_a_nif_with_9_chars_filling_with_0_left_positions_until_9--
--Output from should_has_a_sufix_between_14th_and_16th_position--
--Output from should_has_a_date_when_file_was_built_between_17th_and_22nd_position--
--Output from should_has_a_charge_date_between_23rd_and_28th_position--
--Output from should_has_issuer_name_between_29th_and_68th_position--
--Output from should_cut_the_issuer_name_with_more_than_40_chars--
--Output from should_has_a_account_number_between_69th_and_88th_position--
--Output from should_throw_an_expcetion_if_account_number_has_less_than_20_chars--
--Output from should_throw_an_expcetion_if_account_number_has_more_than_20_chars--
--Output from should_has_empty_between_89th_and_96th_position--
--Output from should_has_a_procedure_97th_and_98th_position_with_value_01--
--Output from should_has_empty_between_99th_and_162nd_position--
--Output from should_be_162_characters_length--
]]></system-out>
  <system-err><![CDATA[--Output from should_start_with_with_5380--
--Output from should_has_a_nif_between_5th_and_13th_position--
--Output from nif_should_not_be_empty--
--Output from should_throw_an_exception_if_nif_has_more_than_9_chars--
--Output from should_has_a_nif_with_9_chars_filling_with_0_left_positions_until_9--
--Output from should_has_a_sufix_between_14th_and_16th_position--
--Output from should_has_a_date_when_file_was_built_between_17th_and_22nd_position--
--Output from should_has_a_charge_date_between_23rd_and_28th_position--
--Output from should_has_issuer_name_between_29th_and_68th_position--
--Output from should_cut_the_issuer_name_with_more_than_40_chars--
--Output from should_has_a_account_number_between_69th_and_88th_position--
--Output from should_throw_an_expcetion_if_account_number_has_less_than_20_chars--
--Output from should_throw_an_expcetion_if_account_number_has_more_than_20_chars--
--Output from should_has_empty_between_89th_and_96th_position--
--Output from should_has_a_procedure_97th_and_98th_position_with_value_01--
--Output from should_has_empty_between_99th_and_162nd_position--
--Output from should_be_162_characters_length--
]]></system-err>
</testsuite>
