<?xml version="1.0" encoding="UTF-8" ?>
<testsuite errors="0" failures="0" hostname="jjballano.local" name="cuaderno19.MainTotalTest" tests="18" time="0.026" timestamp="2012-03-01T14:50:48">
  <properties />
  <testcase classname="cuaderno19.MainTotalTest" name="should_has_a_nif_between_5th_and_13th_position" time="0.0010" />
  <testcase classname="cuaderno19.MainTotalTest" name="nif_should_not_be_empty" time="0.0010" />
  <testcase classname="cuaderno19.MainTotalTest" name="should_throw_an_exception_if_nif_has_more_than_9_chars" time="0.0" />
  <testcase classname="cuaderno19.MainTotalTest" name="should_has_a_nif_with_9_chars_filling_with_0_left_positions_until_9" time="0.0" />
  <testcase classname="cuaderno19.MainTotalTest" name="should_has_a_sufix_between_14th_and_16th_position" time="0.0010" />
  <testcase classname="cuaderno19.MainTotalTest" name="should_be_162_characters_length" time="0.0" />
  <testcase classname="cuaderno19.MainTotalTest" name="should_start_with_with_5980" time="0.0010" />
  <testcase classname="cuaderno19.MainTotalTest" name="should_has_empty_between_17th_and_68th_position" time="0.0" />
  <testcase classname="cuaderno19.MainTotalTest" name="should_has_a_number_of_issuers_between_69th_and_72th_position" time="0.0" />
  <testcase classname="cuaderno19.MainTotalTest" name="should_has_empty_between_73th_and_88th_position" time="0.0" />
  <testcase classname="cuaderno19.MainTotalTest" name="should_has_a_total_amount_between_89th_and_98th_position_filled_with_zero_left" time="0.0" />
  <testcase classname="cuaderno19.MainTotalTest" name="should_receive_every_amount_with_two_decimals_and_remove_the_dot" time="0.0010" />
  <testcase classname="cuaderno19.MainTotalTest" name="should_add_two_zeros_on_the_right_if_amount_has_not_decimal_dot" time="0.0010" />
  <testcase classname="cuaderno19.MainTotalTest" name="should_allow_receive_zero_as_total_amount" time="0.0010" />
  <testcase classname="cuaderno19.MainTotalTest" name="should_has_empty_between_99th_and_104th_position" time="0.0010" />
  <testcase classname="cuaderno19.MainTotalTest" name="should_has_a_number_of_payments_by_direct_debit_between_105th_and_114th_position_filled_with_zero_left" time="0.0" />
  <testcase classname="cuaderno19.MainTotalTest" name="should_has_a_number_of_registries_between_115th_and_124th_position_filled_with_zero_left" time="0.0010" />
  <testcase classname="cuaderno19.MainTotalTest" name="should_has_empty_between_125th_and_162th_position" time="0.0010" />
  <system-out><![CDATA[--Output from should_has_a_nif_between_5th_and_13th_position--
--Output from nif_should_not_be_empty--
--Output from should_throw_an_exception_if_nif_has_more_than_9_chars--
--Output from should_has_a_nif_with_9_chars_filling_with_0_left_positions_until_9--
--Output from should_has_a_sufix_between_14th_and_16th_position--
--Output from should_be_162_characters_length--
--Output from should_start_with_with_5980--
--Output from should_has_empty_between_17th_and_68th_position--
--Output from should_has_a_number_of_issuers_between_69th_and_72th_position--
--Output from should_has_empty_between_73th_and_88th_position--
--Output from should_has_a_total_amount_between_89th_and_98th_position_filled_with_zero_left--
--Output from should_receive_every_amount_with_two_decimals_and_remove_the_dot--
--Output from should_add_two_zeros_on_the_right_if_amount_has_not_decimal_dot--
--Output from should_allow_receive_zero_as_total_amount--
--Output from should_has_empty_between_99th_and_104th_position--
--Output from should_has_a_number_of_payments_by_direct_debit_between_105th_and_114th_position_filled_with_zero_left--
--Output from should_has_a_number_of_registries_between_115th_and_124th_position_filled_with_zero_left--
--Output from should_has_empty_between_125th_and_162th_position--
]]></system-out>
  <system-err><![CDATA[--Output from should_has_a_nif_between_5th_and_13th_position--
--Output from nif_should_not_be_empty--
--Output from should_throw_an_exception_if_nif_has_more_than_9_chars--
--Output from should_has_a_nif_with_9_chars_filling_with_0_left_positions_until_9--
--Output from should_has_a_sufix_between_14th_and_16th_position--
--Output from should_be_162_characters_length--
--Output from should_start_with_with_5980--
--Output from should_has_empty_between_17th_and_68th_position--
--Output from should_has_a_number_of_issuers_between_69th_and_72th_position--
--Output from should_has_empty_between_73th_and_88th_position--
--Output from should_has_a_total_amount_between_89th_and_98th_position_filled_with_zero_left--
--Output from should_receive_every_amount_with_two_decimals_and_remove_the_dot--
--Output from should_add_two_zeros_on_the_right_if_amount_has_not_decimal_dot--
--Output from should_allow_receive_zero_as_total_amount--
--Output from should_has_empty_between_99th_and_104th_position--
--Output from should_has_a_number_of_payments_by_direct_debit_between_105th_and_114th_position_filled_with_zero_left--
--Output from should_has_a_number_of_registries_between_115th_and_124th_position_filled_with_zero_left--
--Output from should_has_empty_between_125th_and_162th_position--
]]></system-err>
</testsuite>
